Using pre-set license
Built from '2020.2/release' branch; Version is '2020.2.1f1 (270dd8c3da1c) revision 2559448'; Using compiler version '192528614'; Build Type 'Release'
OS: 'Windows 10  (10.0.0) 64bit' Language: 'en' Physical Memory: 16191 MB
BatchMode: 1, IsHumanControllingUs: 0, StartBugReporterOnCrash: 0, Is64bit: 1, IsPro: 0

 COMMAND LINE ARGUMENTS:
C:\Program Files\Unity\2020.2.1f1\Editor\Unity.exe
-adb2
-batchMode
-noUpm
-name
AssetImportWorker0
-projectPath
D:/Study/C Repos/GB_Arch/Nitty Gritty Lad
-logFile
Logs/AssetImportWorker0.log
-srvPort
56954
Successfully changed project path to: D:/Study/C Repos/GB_Arch/Nitty Gritty Lad
D:/Study/C Repos/GB_Arch/Nitty Gritty Lad
Using Asset Import Pipeline V2.
Refreshing native plugins compatible for Editor in 33.60 ms, found 0 plugins.
Preloading 0 native plugins for Editor in 0.00 ms.
Initialize engine version: 2020.2.1f1 (270dd8c3da1c)
[Subsystems] Discovering subsystems at path C:/Program Files/Unity/2020.2.1f1/Editor/Data/Resources/UnitySubsystems
[Subsystems] Discovering subsystems at path D:/Study/C Repos/GB_Arch/Nitty Gritty Lad/Assets
GfxDevice: creating device client; threaded=0
Direct3D:
    Version:  Direct3D 11.0 [level 11.1]
    Renderer: NVIDIA GeForce GTX 1660 Ti (ID=0x2191)
    Vendor:   
    VRAM:     5991 MB
    Driver:   27.21.14.5763
Initialize mono
Mono path[0] = 'C:/Program Files/Unity/2020.2.1f1/Editor/Data/Managed'
Mono path[1] = 'C:/Program Files/Unity/2020.2.1f1/Editor/Data/MonoBleedingEdge/lib/mono/unityjit'
Mono config path = 'C:/Program Files/Unity/2020.2.1f1/Editor/Data/MonoBleedingEdge/etc'
Using monoOptions --debugger-agent=transport=dt_socket,embedding=1,server=y,suspend=n,address=127.0.0.1:56868
Begin MonoManager ReloadAssembly
Registering precompiled unity dll's ...
Register platform support module: C:/Program Files/Unity/2020.2.1f1/Editor/Data/PlaybackEngines/WindowsStandaloneSupport/UnityEditor.WindowsStandalone.Extensions.dll
Registered in 0.003803 seconds.
Native extension for WindowsStandalone target not found
Refreshing native plugins compatible for Editor in 26.56 ms, found 0 plugins.
Preloading 0 native plugins for Editor in 0.00 ms.
Invoked RoslynAnalysisRunner static constructor.
RoslynAnalysisRunner will not be running.
RoslynAnalysisRunner has terminated.
Mono: successfully reloaded assembly
- Completed reload, in  2.522 seconds
Platform modules already initialized, skipping
Registering precompiled user dll's ...
Registered in 0.000682 seconds.
Begin MonoManager ReloadAssembly
Native extension for WindowsStandalone target not found
Refreshing native plugins compatible for Editor in 0.73 ms, found 0 plugins.
Preloading 0 native plugins for Editor in 0.00 ms.
Invoked RoslynAnalysisRunner static constructor.
RoslynAnalysisRunner will not be running.
RoslynAnalysisRunner has terminated.
Mono: successfully reloaded assembly
- Completed reload, in  1.160 seconds
Platform modules already initialized, skipping
========================================================================
Worker process is ready to serve import requests
Launched and connected shader compiler UnityShaderCompiler.exe after 0.03 seconds
Refreshing native plugins compatible for Editor in 0.35 ms, found 0 plugins.
Preloading 0 native plugins for Editor in 0.00 ms.
Unloading 1155 Unused Serialized files (Serialized files now loaded: 0)
System memory in use before: 57.9 MB.
System memory in use after: 57.9 MB.

Unloading 10 unused Assets to reduce memory usage. Loaded Objects now: 1597.
Total: 3.135200 ms (FindLiveObjects: 0.351500 ms CreateObjectMapping: 0.143400 ms MarkObjects: 2.559000 ms  DeleteObjects: 0.079300 ms)

========================================================================
Received Import Request.
  path: Assets/Scripts/Ammo/AmmoBullet.cs
  artifactKey: Guid(758c3027028ab754cb423a2642d82001) Importer(815301076,1909f56bfc062723c751e8b465ee728b)
Start importing Assets/Scripts/Ammo/AmmoBullet.cs using Guid(758c3027028ab754cb423a2642d82001) Importer(815301076,1909f56bfc062723c751e8b465ee728b)  -> (artifact id: '04e45170241a01e5ea688977bfb8e0a7') in 0.048467 seconds
  Import took 0.051633 seconds .

========================================================================
Received Prepare
Refreshing native plugins compatible for Editor in 0.86 ms, found 0 plugins.
Preloading 0 native plugins for Editor in 0.00 ms.
Unloading 3 Unused Serialized files (Serialized files now loaded: 0)
System memory in use before: 35.1 MB.
System memory in use after: 35.2 MB.

Unloading 3 unused Assets to reduce memory usage. Loaded Objects now: 1597.
Total: 2.627700 ms (FindLiveObjects: 0.238000 ms CreateObjectMapping: 0.050500 ms MarkObjects: 2.273900 ms  DeleteObjects: 0.063500 ms)

========================================================================
Received Import Request.
  Time since last request: 867.481941 seconds.
  path: Assets/Scripts/Ammo/AmmoBullet.cs
  artifactKey: Guid(758c3027028ab754cb423a2642d82001) Importer(815301076,1909f56bfc062723c751e8b465ee728b)
Start importing Assets/Scripts/Ammo/AmmoBullet.cs using Guid(758c3027028ab754cb423a2642d82001) Importer(815301076,1909f56bfc062723c751e8b465ee728b)  -> (artifact id: 'd84d7f6594e8070afbbd5574593fafc2') in 0.011126 seconds
  Import took 0.014201 seconds .

========================================================================
Received Prepare
Registering precompiled user dll's ...
Registered in 0.000777 seconds.
Begin MonoManager ReloadAssembly
Native extension for WindowsStandalone target not found
Refreshing native plugins compatible for Editor in 0.29 ms, found 0 plugins.
Preloading 0 native plugins for Editor in 0.00 ms.
Invoked RoslynAnalysisRunner static constructor.
RoslynAnalysisRunner will not be running.
RoslynAnalysisRunner has terminated.
Mono: successfully reloaded assembly
- Completed reload, in  1.221 seconds
Platform modules already initialized, skipping
Refreshing native plugins compatible for Editor in 0.44 ms, found 0 plugins.
Preloading 0 native plugins for Editor in 0.00 ms.
Unloading 1150 Unused Serialized files (Serialized files now loaded: 0)
System memory in use before: 58.1 MB.
System memory in use after: 58.2 MB.

Unloading 5 unused Assets to reduce memory usage. Loaded Objects now: 1599.
Total: 2.832800 ms (FindLiveObjects: 0.329500 ms CreateObjectMapping: 0.070000 ms MarkObjects: 2.363000 ms  DeleteObjects: 0.068000 ms)

========================================================================
Received Prepare
Registering precompiled user dll's ...
Registered in 0.000662 seconds.
Begin MonoManager ReloadAssembly
Native extension for WindowsStandalone target not found
Refreshing native plugins compatible for Editor in 0.39 ms, found 0 plugins.
Preloading 0 native plugins for Editor in 0.00 ms.
Invoked RoslynAnalysisRunner static constructor.
RoslynAnalysisRunner will not be running.
RoslynAnalysisRunner has terminated.
Mono: successfully reloaded assembly
- Completed reload, in  0.884 seconds
Platform modules already initialized, skipping
Refreshing native plugins compatible for Editor in 0.28 ms, found 0 plugins.
Preloading 0 native plugins for Editor in 0.00 ms.
Unloading 1150 Unused Serialized files (Serialized files now loaded: 0)
System memory in use before: 58.3 MB.
System memory in use after: 58.4 MB.

Unloading 5 unused Assets to reduce memory usage. Loaded Objects now: 1601.
Total: 2.384000 ms (FindLiveObjects: 0.204000 ms CreateObjectMapping: 0.039500 ms MarkObjects: 2.068900 ms  DeleteObjects: 0.070300 ms)

========================================================================
Received Prepare
Registering precompiled user dll's ...
Registered in 0.000713 seconds.
Begin MonoManager ReloadAssembly
Native extension for WindowsStandalone target not found
Refreshing native plugins compatible for Editor in 0.26 ms, found 0 plugins.
Preloading 0 native plugins for Editor in 0.00 ms.
Invoked RoslynAnalysisRunner static constructor.
RoslynAnalysisRunner will not be running.
RoslynAnalysisRunner has terminated.
Mono: successfully reloaded assembly
- Completed reload, in  0.929 seconds
Platform modules already initialized, skipping
Refreshing native plugins compatible for Editor in 0.26 ms, found 0 plugins.
Preloading 0 native plugins for Editor in 0.00 ms.
Unloading 1150 Unused Serialized files (Serialized files now loaded: 0)
System memory in use before: 58.5 MB.
System memory in use after: 58.6 MB.

Unloading 5 unused Assets to reduce memory usage. Loaded Objects now: 1603.
Total: 2.277800 ms (FindLiveObjects: 0.167800 ms CreateObjectMapping: 0.027600 ms MarkObjects: 2.019300 ms  DeleteObjects: 0.061800 ms)

========================================================================
Received Prepare
Registering precompiled user dll's ...
Registered in 0.000723 seconds.
Begin MonoManager ReloadAssembly
Native extension for WindowsStandalone target not found
Refreshing native plugins compatible for Editor in 0.40 ms, found 0 plugins.
Preloading 0 native plugins for Editor in 0.00 ms.
Invoked RoslynAnalysisRunner static constructor.
RoslynAnalysisRunner will not be running.
RoslynAnalysisRunner has terminated.
Mono: successfully reloaded assembly
- Completed reload, in  0.955 seconds
Platform modules already initialized, skipping
Refreshing native plugins compatible for Editor in 0.38 ms, found 0 plugins.
Preloading 0 native plugins for Editor in 0.00 ms.
Unloading 1150 Unused Serialized files (Serialized files now loaded: 0)
System memory in use before: 58.7 MB.
System memory in use after: 58.7 MB.

Unloading 5 unused Assets to reduce memory usage. Loaded Objects now: 1605.
Total: 1.956800 ms (FindLiveObjects: 0.170500 ms CreateObjectMapping: 0.028700 ms MarkObjects: 1.704400 ms  DeleteObjects: 0.052000 ms)

========================================================================
Received Import Request.
  Time since last request: 181.357549 seconds.
  path: Assets/Scripts/Ammo/AmmoBullet.cs
  artifactKey: Guid(758c3027028ab754cb423a2642d82001) Importer(815301076,1909f56bfc062723c751e8b465ee728b)
Start importing Assets/Scripts/Ammo/AmmoBullet.cs using Guid(758c3027028ab754cb423a2642d82001) Importer(815301076,1909f56bfc062723c751e8b465ee728b)  -> (artifact id: 'c79a45c9c73d464519856f8cc2ca3ece') in 0.010606 seconds
  Import took 0.012973 seconds .

========================================================================
Received Prepare
Registering precompiled user dll's ...
Registered in 0.000692 seconds.
Begin MonoManager ReloadAssembly
Native extension for WindowsStandalone target not found
Refreshing native plugins compatible for Editor in 0.26 ms, found 0 plugins.
Preloading 0 native plugins for Editor in 0.00 ms.
Invoked RoslynAnalysisRunner static constructor.
RoslynAnalysisRunner will not be running.
RoslynAnalysisRunner has terminated.
Mono: successfully reloaded assembly
- Completed reload, in  1.935 seconds
Platform modules already initialized, skipping
Refreshing native plugins compatible for Editor in 0.28 ms, found 0 plugins.
Preloading 0 native plugins for Editor in 0.00 ms.
Unloading 1150 Unused Serialized files (Serialized files now loaded: 0)
System memory in use before: 58.9 MB.
System memory in use after: 59.0 MB.

Unloading 5 unused Assets to reduce memory usage. Loaded Objects now: 1607.
Total: 2.220100 ms (FindLiveObjects: 0.192300 ms CreateObjectMapping: 0.138200 ms MarkObjects: 1.827800 ms  DeleteObjects: 0.060300 ms)

========================================================================
Received Prepare
Registering precompiled user dll's ...
Registered in 0.000742 seconds.
Begin MonoManager ReloadAssembly
Native extension for WindowsStandalone target not found
Refreshing native plugins compatible for Editor in 0.28 ms, found 0 plugins.
Preloading 0 native plugins for Editor in 0.00 ms.
Invoked RoslynAnalysisRunner static constructor.
RoslynAnalysisRunner will not be running.
RoslynAnalysisRunner has terminated.
Mono: successfully reloaded assembly
- Completed reload, in  1.003 seconds
Platform modules already initialized, skipping
Refreshing native plugins compatible for Editor in 0.25 ms, found 0 plugins.
Preloading 0 native plugins for Editor in 0.00 ms.
Unloading 1150 Unused Serialized files (Serialized files now loaded: 0)
System memory in use before: 59.1 MB.
System memory in use after: 59.1 MB.

Unloading 5 unused Assets to reduce memory usage. Loaded Objects now: 1609.
Total: 2.129300 ms (FindLiveObjects: 0.186500 ms CreateObjectMapping: 0.035800 ms MarkObjects: 1.846800 ms  DeleteObjects: 0.058700 ms)

========================================================================
Received Import Request.
  Time since last request: 259.530811 seconds.
  path: Assets/Prefabs/Bullet.prefab
  artifactKey: Guid(421554cf0606ca9459ff26d516ab292e) Importer(815301076,1909f56bfc062723c751e8b465ee728b)
Start importing Assets/Prefabs/Bullet.prefab using Guid(421554cf0606ca9459ff26d516ab292e) Importer(815301076,1909f56bfc062723c751e8b465ee728b)  -> (artifact id: 'a4576c0e9d27890dbbebb49448575877') in 0.112540 seconds
  Import took 0.127154 seconds .

========================================================================
Received Import Request.
  Time since last request: 13.715644 seconds.
  path: Assets/Scripts/Enemy/EnemyProvider.cs
  artifactKey: Guid(8b41abc15a031be488af7e5baf006175) Importer(815301076,1909f56bfc062723c751e8b465ee728b)
Start importing Assets/Scripts/Enemy/EnemyProvider.cs using Guid(8b41abc15a031be488af7e5baf006175) Importer(815301076,1909f56bfc062723c751e8b465ee728b)  -> (artifact id: '29ac37af63ff0733eb7f02ce942f0258') in 0.008403 seconds
  Import took 0.011093 seconds .

========================================================================
Received Prepare
Registering precompiled user dll's ...
Registered in 0.000906 seconds.
Begin MonoManager ReloadAssembly
Native extension for WindowsStandalone target not found
Refreshing native plugins compatible for Editor in 0.26 ms, found 0 plugins.
Preloading 0 native plugins for Editor in 0.00 ms.
Invoked RoslynAnalysisRunner static constructor.
RoslynAnalysisRunner will not be running.
RoslynAnalysisRunner has terminated.
Mono: successfully reloaded assembly
- Completed reload, in  0.904 seconds
Platform modules already initialized, skipping
Refreshing native plugins compatible for Editor in 0.26 ms, found 0 plugins.
Preloading 0 native plugins for Editor in 0.00 ms.
Unloading 1150 Unused Serialized files (Serialized files now loaded: 0)
System memory in use before: 62.4 MB.
System memory in use after: 62.5 MB.

Unloading 6 unused Assets to reduce memory usage. Loaded Objects now: 1619.
Total: 3.095300 ms (FindLiveObjects: 0.233000 ms CreateObjectMapping: 0.056500 ms MarkObjects: 2.724100 ms  DeleteObjects: 0.080000 ms)

========================================================================
Received Prepare
Registering precompiled user dll's ...
Registered in 0.000764 seconds.
Begin MonoManager ReloadAssembly
Native extension for WindowsStandalone target not found
Refreshing native plugins compatible for Editor in 0.31 ms, found 0 plugins.
Preloading 0 native plugins for Editor in 0.00 ms.
Invoked RoslynAnalysisRunner static constructor.
RoslynAnalysisRunner will not be running.
RoslynAnalysisRunner has terminated.
Mono: successfully reloaded assembly
- Completed reload, in  1.013 seconds
Platform modules already initialized, skipping
Refreshing native plugins compatible for Editor in 0.28 ms, found 0 plugins.
Preloading 0 native plugins for Editor in 0.00 ms.
Unloading 1150 Unused Serialized files (Serialized files now loaded: 0)
System memory in use before: 62.6 MB.
System memory in use after: 62.7 MB.

Unloading 5 unused Assets to reduce memory usage. Loaded Objects now: 1621.
Total: 2.033100 ms (FindLiveObjects: 0.189400 ms CreateObjectMapping: 0.034200 ms MarkObjects: 1.747900 ms  DeleteObjects: 0.059800 ms)

========================================================================
Received Prepare
Registering precompiled user dll's ...
Registered in 0.000870 seconds.
Begin MonoManager ReloadAssembly
Native extension for WindowsStandalone target not found
Refreshing native plugins compatible for Editor in 0.27 ms, found 0 plugins.
Preloading 0 native plugins for Editor in 0.00 ms.
Invoked RoslynAnalysisRunner static constructor.
RoslynAnalysisRunner will not be running.
RoslynAnalysisRunner has terminated.
Mono: successfully reloaded assembly
- Completed reload, in  0.928 seconds
Platform modules already initialized, skipping
Refreshing native plugins compatible for Editor in 0.26 ms, found 0 plugins.
Preloading 0 native plugins for Editor in 0.00 ms.
Unloading 1150 Unused Serialized files (Serialized files now loaded: 0)
System memory in use before: 62.8 MB.
System memory in use after: 62.8 MB.

Unloading 5 unused Assets to reduce memory usage. Loaded Objects now: 1623.
Total: 2.083600 ms (FindLiveObjects: 0.193000 ms CreateObjectMapping: 0.040600 ms MarkObjects: 1.787600 ms  DeleteObjects: 0.061300 ms)

========================================================================
Received Prepare
Registering precompiled user dll's ...
Registered in 0.000706 seconds.
Begin MonoManager ReloadAssembly
Native extension for WindowsStandalone target not found
Refreshing native plugins compatible for Editor in 0.28 ms, found 0 plugins.
Preloading 0 native plugins for Editor in 0.00 ms.
Invoked RoslynAnalysisRunner static constructor.
RoslynAnalysisRunner will not be running.
RoslynAnalysisRunner has terminated.
Mono: successfully reloaded assembly
- Completed reload, in  1.190 seconds
Platform modules already initialized, skipping
Refreshing native plugins compatible for Editor in 0.45 ms, found 0 plugins.
Preloading 0 native plugins for Editor in 0.00 ms.
Unloading 1150 Unused Serialized files (Serialized files now loaded: 0)
System memory in use before: 62.8 MB.
System memory in use after: 62.9 MB.

Unloading 5 unused Assets to reduce memory usage. Loaded Objects now: 1625.
Total: 2.621100 ms (FindLiveObjects: 0.261800 ms CreateObjectMapping: 0.061800 ms MarkObjects: 2.230600 ms  DeleteObjects: 0.064500 ms)

========================================================================
Received Prepare
Registering precompiled user dll's ...
Registered in 0.000798 seconds.
Begin MonoManager ReloadAssembly
Native extension for WindowsStandalone target not found
Refreshing native plugins compatible for Editor in 0.44 ms, found 0 plugins.
Preloading 0 native plugins for Editor in 0.00 ms.
Invoked RoslynAnalysisRunner static constructor.
RoslynAnalysisRunner will not be running.
RoslynAnalysisRunner has terminated.
Mono: successfully reloaded assembly
- Completed reload, in  1.189 seconds
Platform modules already initialized, skipping
Refreshing native plugins compatible for Editor in 0.47 ms, found 0 plugins.
Preloading 0 native plugins for Editor in 0.00 ms.
Unloading 1150 Unused Serialized files (Serialized files now loaded: 0)
System memory in use before: 62.1 MB.
System memory in use after: 62.2 MB.

Unloading 5 unused Assets to reduce memory usage. Loaded Objects now: 1627.
Total: 3.036200 ms (FindLiveObjects: 0.182000 ms CreateObjectMapping: 0.036800 ms MarkObjects: 2.759700 ms  DeleteObjects: 0.056300 ms)

========================================================================
Received Import Request.
  Time since last request: 692.673298 seconds.
  path: Assets/Scripts/Ammo/AmmoController.cs
  artifactKey: Guid(ce7f499ffe8e5da44a8b3bb7e235b9dd) Importer(815301076,1909f56bfc062723c751e8b465ee728b)
Start importing Assets/Scripts/Ammo/AmmoController.cs using Guid(ce7f499ffe8e5da44a8b3bb7e235b9dd) Importer(815301076,1909f56bfc062723c751e8b465ee728b)  -> (artifact id: '167a3517bc46fc25b139170accc94ff7') in 0.011563 seconds
  Import took 0.014532 seconds .

========================================================================
Received Import Request.
  Time since last request: 0.021888 seconds.
  path: Assets/Scripts/Ammo/AmmoController.cs
  artifactKey: Guid(ce7f499ffe8e5da44a8b3bb7e235b9dd) Importer(815301076,1909f56bfc062723c751e8b465ee728b)
Start importing Assets/Scripts/Ammo/AmmoController.cs using Guid(ce7f499ffe8e5da44a8b3bb7e235b9dd) Importer(815301076,1909f56bfc062723c751e8b465ee728b)  -> (artifact id: '167a3517bc46fc25b139170accc94ff7') in 0.002413 seconds
  Import took 0.005331 seconds .

========================================================================
Received Import Request.
  Time since last request: 0.833217 seconds.
  path: Assets/Scripts/Ammo/AmmoBullet.cs
  artifactKey: Guid(758c3027028ab754cb423a2642d82001) Importer(815301076,1909f56bfc062723c751e8b465ee728b)
Start importing Assets/Scripts/Ammo/AmmoBullet.cs using Guid(758c3027028ab754cb423a2642d82001) Importer(815301076,1909f56bfc062723c751e8b465ee728b)  -> (artifact id: 'd06645ec64d44942bbe9c759fd8117a0') in 0.002342 seconds
  Import took 0.004952 seconds .

========================================================================
Received Import Request.
  Time since last request: 0.000556 seconds.
  path: Assets/Scripts/Ammo/AmmoBullet.cs
  artifactKey: Guid(758c3027028ab754cb423a2642d82001) Importer(815301076,1909f56bfc062723c751e8b465ee728b)
Start importing Assets/Scripts/Ammo/AmmoBullet.cs using Guid(758c3027028ab754cb423a2642d82001) Importer(815301076,1909f56bfc062723c751e8b465ee728b)  -> (artifact id: 'd06645ec64d44942bbe9c759fd8117a0') in 0.002572 seconds
  Import took 0.005126 seconds .

========================================================================
Received Import Request.
  Time since last request: 150.032721 seconds.
  path: Assets/Scripts/Ammo/AmmoShell.cs
  artifactKey: Guid(ad3ea2116771cd742a298f276f9eb8e5) Importer(815301076,1909f56bfc062723c751e8b465ee728b)
Start importing Assets/Scripts/Ammo/AmmoShell.cs using Guid(ad3ea2116771cd742a298f276f9eb8e5) Importer(815301076,1909f56bfc062723c751e8b465ee728b)  -> (artifact id: '45faeaede8a9f207a113498dd8b04f5f') in 0.009296 seconds
  Import took 0.012046 seconds .

========================================================================
Received Prepare
Registering precompiled user dll's ...
Registered in 0.000655 seconds.
Begin MonoManager ReloadAssembly
Native extension for WindowsStandalone target not found
Refreshing native plugins compatible for Editor in 0.28 ms, found 0 plugins.
Preloading 0 native plugins for Editor in 0.00 ms.
Invoked RoslynAnalysisRunner static constructor.
RoslynAnalysisRunner will not be running.
RoslynAnalysisRunner has terminated.
Mono: successfully reloaded assembly
- Completed reload, in  1.046 seconds
Platform modules already initialized, skipping
Refreshing native plugins compatible for Editor in 0.31 ms, found 0 plugins.
Preloading 0 native plugins for Editor in 0.00 ms.
Unloading 1151 Unused Serialized files (Serialized files now loaded: 0)
System memory in use before: 62.3 MB.
System memory in use after: 62.4 MB.

Unloading 5 unused Assets to reduce memory usage. Loaded Objects now: 1630.
Total: 2.859900 ms (FindLiveObjects: 0.269900 ms CreateObjectMapping: 0.063500 ms MarkObjects: 2.415800 ms  DeleteObjects: 0.108700 ms)

========================================================================
Received Prepare
Registering precompiled user dll's ...
Registered in 0.000654 seconds.
Begin MonoManager ReloadAssembly
Native extension for WindowsStandalone target not found
Refreshing native plugins compatible for Editor in 0.31 ms, found 0 plugins.
Preloading 0 native plugins for Editor in 0.00 ms.
Invoked RoslynAnalysisRunner static constructor.
RoslynAnalysisRunner will not be running.
RoslynAnalysisRunner has terminated.
Mono: successfully reloaded assembly
- Completed reload, in  1.032 seconds
Platform modules already initialized, skipping
Refreshing native plugins compatible for Editor in 0.27 ms, found 0 plugins.
Preloading 0 native plugins for Editor in 0.00 ms.
Unloading 1151 Unused Serialized files (Serialized files now loaded: 0)
System memory in use before: 62.5 MB.
System memory in use after: 62.6 MB.

Unloading 5 unused Assets to reduce memory usage. Loaded Objects now: 1632.
Total: 3.034900 ms (FindLiveObjects: 0.335100 ms CreateObjectMapping: 0.128900 ms MarkObjects: 2.509200 ms  DeleteObjects: 0.059800 ms)

========================================================================
Received Import Request.
  Time since last request: 299.890689 seconds.
  path: Assets/Scripts/Ammo/AmmoShell.cs
  artifactKey: Guid(ad3ea2116771cd742a298f276f9eb8e5) Importer(815301076,1909f56bfc062723c751e8b465ee728b)
Start importing Assets/Scripts/Ammo/AmmoShell.cs using Guid(ad3ea2116771cd742a298f276f9eb8e5) Importer(815301076,1909f56bfc062723c751e8b465ee728b)  -> (artifact id: '8a6fc9366f5ec340eac5fbfa6ec94592') in 0.006198 seconds
  Import took 0.009068 seconds .

========================================================================
Received Import Request.
  Time since last request: 54.850642 seconds.
  path: Assets/Scripts/Weapon/WpnMachinegun.cs
  artifactKey: Guid(35e9724242797db47b29e828ed426b34) Importer(815301076,1909f56bfc062723c751e8b465ee728b)
Start importing Assets/Scripts/Weapon/WpnMachinegun.cs using Guid(35e9724242797db47b29e828ed426b34) Importer(815301076,1909f56bfc062723c751e8b465ee728b)  -> (artifact id: 'b402e89314f0e28bf41f37813c4ff1a2') in 0.009139 seconds
  Import took 0.012048 seconds .

========================================================================
Received Import Request.
  Time since last request: 0.001159 seconds.
  path: Assets/Scripts/Weapon/WpnMachinegun.cs
  artifactKey: Guid(35e9724242797db47b29e828ed426b34) Importer(815301076,1909f56bfc062723c751e8b465ee728b)
Start importing Assets/Scripts/Weapon/WpnMachinegun.cs using Guid(35e9724242797db47b29e828ed426b34) Importer(815301076,1909f56bfc062723c751e8b465ee728b)  -> (artifact id: 'b402e89314f0e28bf41f37813c4ff1a2') in 0.002510 seconds
  Import took 0.004868 seconds .

========================================================================
Received Import Request.
  Time since last request: 1.991928 seconds.
  path: Assets/Scripts/Weapon/WpnCannon.cs
  artifactKey: Guid(649091182606f7841a64d4fe7f38dc69) Importer(815301076,1909f56bfc062723c751e8b465ee728b)
Start importing Assets/Scripts/Weapon/WpnCannon.cs using Guid(649091182606f7841a64d4fe7f38dc69) Importer(815301076,1909f56bfc062723c751e8b465ee728b)  -> (artifact id: '1b17e9b0e5b8dc78eeab5c815f4d0b6a') in 0.041759 seconds
  Import took 0.051500 seconds .

========================================================================
Received Prepare
Registering precompiled user dll's ...
Registered in 0.000670 seconds.
Begin MonoManager ReloadAssembly
Native extension for WindowsStandalone target not found
Refreshing native plugins compatible for Editor in 0.44 ms, found 0 plugins.
Preloading 0 native plugins for Editor in 0.00 ms.
Invoked RoslynAnalysisRunner static constructor.
RoslynAnalysisRunner will not be running.
RoslynAnalysisRunner has terminated.
Mono: successfully reloaded assembly
- Completed reload, in  1.217 seconds
Platform modules already initialized, skipping
Refreshing native plugins compatible for Editor in 0.28 ms, found 0 plugins.
Preloading 0 native plugins for Editor in 0.00 ms.
Unloading 1151 Unused Serialized files (Serialized files now loaded: 0)
System memory in use before: 62.7 MB.
System memory in use after: 62.7 MB.

Unloading 5 unused Assets to reduce memory usage. Loaded Objects now: 1634.
Total: 2.410900 ms (FindLiveObjects: 0.266100 ms CreateObjectMapping: 0.052600 ms MarkObjects: 2.024600 ms  DeleteObjects: 0.065600 ms)

========================================================================
Received Prepare
Registering precompiled user dll's ...
Registered in 0.000717 seconds.
Begin MonoManager ReloadAssembly
Native extension for WindowsStandalone target not found
Refreshing native plugins compatible for Editor in 0.26 ms, found 0 plugins.
Preloading 0 native plugins for Editor in 0.00 ms.
Invoked RoslynAnalysisRunner static constructor.
RoslynAnalysisRunner will not be running.
RoslynAnalysisRunner has terminated.
Mono: successfully reloaded assembly
- Completed reload, in  0.975 seconds
Platform modules already initialized, skipping
Refreshing native plugins compatible for Editor in 0.26 ms, found 0 plugins.
Preloading 0 native plugins for Editor in 0.00 ms.
Unloading 1151 Unused Serialized files (Serialized files now loaded: 0)
System memory in use before: 62.8 MB.
System memory in use after: 62.9 MB.

Unloading 5 unused Assets to reduce memory usage. Loaded Objects now: 1636.
Total: 2.345500 ms (FindLiveObjects: 0.190300 ms CreateObjectMapping: 0.037200 ms MarkObjects: 2.054000 ms  DeleteObjects: 0.062800 ms)

========================================================================
Received Prepare
Registering precompiled user dll's ...
Registered in 0.000669 seconds.
Begin MonoManager ReloadAssembly
Native extension for WindowsStandalone target not found
Refreshing native plugins compatible for Editor in 0.29 ms, found 0 plugins.
Preloading 0 native plugins for Editor in 0.00 ms.
Invoked RoslynAnalysisRunner static constructor.
RoslynAnalysisRunner will not be running.
RoslynAnalysisRunner has terminated.
Mono: successfully reloaded assembly
- Completed reload, in  0.897 seconds
Platform modules already initialized, skipping
Refreshing native plugins compatible for Editor in 0.26 ms, found 0 plugins.
Preloading 0 native plugins for Editor in 0.00 ms.
Unloading 1151 Unused Serialized files (Serialized files now loaded: 0)
System memory in use before: 62.9 MB.
System memory in use after: 63.0 MB.

Unloading 5 unused Assets to reduce memory usage. Loaded Objects now: 1638.
Total: 1.913000 ms (FindLiveObjects: 0.193000 ms CreateObjectMapping: 0.033300 ms MarkObjects: 1.630600 ms  DeleteObjects: 0.055000 ms)

========================================================================
Received Prepare
Registering precompiled user dll's ...
Registered in 0.000636 seconds.
Begin MonoManager ReloadAssembly
Native extension for WindowsStandalone target not found
Refreshing native plugins compatible for Editor in 0.38 ms, found 0 plugins.
Preloading 0 native plugins for Editor in 0.00 ms.
Invoked RoslynAnalysisRunner static constructor.
RoslynAnalysisRunner will not be running.
RoslynAnalysisRunner has terminated.
Mono: successfully reloaded assembly
- Completed reload, in  0.928 seconds
Platform modules already initialized, skipping
Refreshing native plugins compatible for Editor in 0.28 ms, found 0 plugins.
Preloading 0 native plugins for Editor in 0.00 ms.
Unloading 1151 Unused Serialized files (Serialized files now loaded: 0)
System memory in use before: 62.2 MB.
System memory in use after: 62.3 MB.

Unloading 5 unused Assets to reduce memory usage. Loaded Objects now: 1640.
Total: 2.003000 ms (FindLiveObjects: 0.201400 ms CreateObjectMapping: 0.031500 ms MarkObjects: 1.714600 ms  DeleteObjects: 0.054100 ms)

========================================================================
Received Prepare
Registering precompiled user dll's ...
Registered in 0.000918 seconds.
Begin MonoManager ReloadAssembly
Native extension for WindowsStandalone target not found
Refreshing native plugins compatible for Editor in 0.26 ms, found 0 plugins.
Preloading 0 native plugins for Editor in 0.00 ms.
Invoked RoslynAnalysisRunner static constructor.
RoslynAnalysisRunner will not be running.
RoslynAnalysisRunner has terminated.
Mono: successfully reloaded assembly
- Completed reload, in  0.898 seconds
Platform modules already initialized, skipping
Refreshing native plugins compatible for Editor in 0.28 ms, found 0 plugins.
Preloading 0 native plugins for Editor in 0.00 ms.
Unloading 1151 Unused Serialized files (Serialized files now loaded: 0)
System memory in use before: 62.4 MB.
System memory in use after: 62.5 MB.

Unloading 5 unused Assets to reduce memory usage. Loaded Objects now: 1642.
Total: 2.286100 ms (FindLiveObjects: 0.193100 ms CreateObjectMapping: 0.037300 ms MarkObjects: 1.993000 ms  DeleteObjects: 0.061000 ms)

========================================================================
Received Prepare
Registering precompiled user dll's ...
Registered in 0.000641 seconds.
Begin MonoManager ReloadAssembly
Native extension for WindowsStandalone target not found
Refreshing native plugins compatible for Editor in 0.38 ms, found 0 plugins.
Preloading 0 native plugins for Editor in 0.00 ms.
Invoked RoslynAnalysisRunner static constructor.
RoslynAnalysisRunner will not be running.
RoslynAnalysisRunner has terminated.
Mono: successfully reloaded assembly
- Completed reload, in  0.938 seconds
Platform modules already initialized, skipping
Refreshing native plugins compatible for Editor in 0.26 ms, found 0 plugins.
Preloading 0 native plugins for Editor in 0.00 ms.
Unloading 1151 Unused Serialized files (Serialized files now loaded: 0)
System memory in use before: 62.6 MB.
System memory in use after: 62.6 MB.

Unloading 5 unused Assets to reduce memory usage. Loaded Objects now: 1644.
Total: 2.174600 ms (FindLiveObjects: 0.207200 ms CreateObjectMapping: 0.036300 ms MarkObjects: 1.864700 ms  DeleteObjects: 0.062300 ms)

========================================================================
Received Import Request.
  Time since last request: 711.582219 seconds.
  path: Assets/Scripts/Ammo/AmmoShell.cs
  artifactKey: Guid(ad3ea2116771cd742a298f276f9eb8e5) Importer(815301076,1909f56bfc062723c751e8b465ee728b)
Start importing Assets/Scripts/Ammo/AmmoShell.cs using Guid(ad3ea2116771cd742a298f276f9eb8e5) Importer(815301076,1909f56bfc062723c751e8b465ee728b)  -> (artifact id: '5522b0c46819e9845e068bc9139854d1') in 0.004744 seconds
  Import took 0.007315 seconds .

========================================================================
Received Import Request.
  Time since last request: 0.028731 seconds.
  path: Assets/Scripts/Ammo/AmmoShell.cs
  artifactKey: Guid(ad3ea2116771cd742a298f276f9eb8e5) Importer(815301076,1909f56bfc062723c751e8b465ee728b)
Start importing Assets/Scripts/Ammo/AmmoShell.cs using Guid(ad3ea2116771cd742a298f276f9eb8e5) Importer(815301076,1909f56bfc062723c751e8b465ee728b)  -> (artifact id: '5522b0c46819e9845e068bc9139854d1') in 0.002518 seconds
  Import took 0.005267 seconds .

========================================================================
Received Import Request.
  Time since last request: 0.583450 seconds.
  path: Assets/Scripts/Ammo/AmmoController.cs
  artifactKey: Guid(ce7f499ffe8e5da44a8b3bb7e235b9dd) Importer(815301076,1909f56bfc062723c751e8b465ee728b)
Start importing Assets/Scripts/Ammo/AmmoController.cs using Guid(ce7f499ffe8e5da44a8b3bb7e235b9dd) Importer(815301076,1909f56bfc062723c751e8b465ee728b)  -> (artifact id: '6a2283429eabe42ed738ed09a18f5243') in 0.009484 seconds
  Import took 0.012020 seconds .

========================================================================
Received Import Request.
  Time since last request: 0.000565 seconds.
  path: Assets/Scripts/Ammo/AmmoController.cs
  artifactKey: Guid(ce7f499ffe8e5da44a8b3bb7e235b9dd) Importer(815301076,1909f56bfc062723c751e8b465ee728b)
Start importing Assets/Scripts/Ammo/AmmoController.cs using Guid(ce7f499ffe8e5da44a8b3bb7e235b9dd) Importer(815301076,1909f56bfc062723c751e8b465ee728b)  -> (artifact id: '6a2283429eabe42ed738ed09a18f5243') in 0.002202 seconds
  Import took 0.005080 seconds .

========================================================================
Received Import Request.
  Time since last request: 0.505983 seconds.
  path: Assets/Scripts/Ammo/AmmoBullet.cs
  artifactKey: Guid(758c3027028ab754cb423a2642d82001) Importer(815301076,1909f56bfc062723c751e8b465ee728b)
Start importing Assets/Scripts/Ammo/AmmoBullet.cs using Guid(758c3027028ab754cb423a2642d82001) Importer(815301076,1909f56bfc062723c751e8b465ee728b)  -> (artifact id: 'f489a9bb19089462917f73e1c7a53b49') in 0.002485 seconds
  Import took 0.005405 seconds .

========================================================================
Received Import Request.
  Time since last request: 3.334669 seconds.
  path: Assets/Scripts/Weapon/WpnRocketLauncher.cs
  artifactKey: Guid(684b3c4e0d670564482fd4201e327caf) Importer(815301076,1909f56bfc062723c751e8b465ee728b)
Start importing Assets/Scripts/Weapon/WpnRocketLauncher.cs using Guid(684b3c4e0d670564482fd4201e327caf) Importer(815301076,1909f56bfc062723c751e8b465ee728b)  -> (artifact id: '13a30c2d4542861f1600eadfc4a7eee8') in 0.049729 seconds
  Import took 0.052440 seconds .

========================================================================
Received Import Request.
  Time since last request: 0.002818 seconds.
  path: Assets/Scripts/Weapon/WpnRocketLauncher.cs
  artifactKey: Guid(684b3c4e0d670564482fd4201e327caf) Importer(815301076,1909f56bfc062723c751e8b465ee728b)
Start importing Assets/Scripts/Weapon/WpnRocketLauncher.cs using Guid(684b3c4e0d670564482fd4201e327caf) Importer(815301076,1909f56bfc062723c751e8b465ee728b)  -> (artifact id: '13a30c2d4542861f1600eadfc4a7eee8') in 0.002140 seconds
  Import took 0.005346 seconds .

========================================================================
Received Prepare
Registering precompiled user dll's ...
Registered in 0.000602 seconds.
Begin MonoManager ReloadAssembly
Native extension for WindowsStandalone target not found
Refreshing native plugins compatible for Editor in 0.38 ms, found 0 plugins.
Preloading 0 native plugins for Editor in 0.00 ms.
Invoked RoslynAnalysisRunner static constructor.
RoslynAnalysisRunner will not be running.
RoslynAnalysisRunner has terminated.
Mono: successfully reloaded assembly
- Completed reload, in  0.971 seconds
Platform modules already initialized, skipping
Refreshing native plugins compatible for Editor in 0.25 ms, found 0 plugins.
Preloading 0 native plugins for Editor in 0.00 ms.
Unloading 1151 Unused Serialized files (Serialized files now loaded: 0)
System memory in use before: 62.7 MB.
System memory in use after: 62.8 MB.

Unloading 5 unused Assets to reduce memory usage. Loaded Objects now: 1646.
Total: 2.740500 ms (FindLiveObjects: 0.245200 ms CreateObjectMapping: 0.067900 ms MarkObjects: 2.341900 ms  DeleteObjects: 0.082600 ms)

========================================================================
Received Import Request.
  Time since last request: 213.948406 seconds.
  path: Assets/Scripts/Weapon/WpnCannon.cs
  artifactKey: Guid(649091182606f7841a64d4fe7f38dc69) Importer(815301076,1909f56bfc062723c751e8b465ee728b)
Start importing Assets/Scripts/Weapon/WpnCannon.cs using Guid(649091182606f7841a64d4fe7f38dc69) Importer(815301076,1909f56bfc062723c751e8b465ee728b)  -> (artifact id: 'd701e308ae194d99d2edfe103046e282') in 0.005512 seconds
  Import took 0.008396 seconds .

========================================================================
Received Import Request.
  Time since last request: 0.001519 seconds.
  path: Assets/Scripts/Weapon/WpnCannon.cs
  artifactKey: Guid(649091182606f7841a64d4fe7f38dc69) Importer(815301076,1909f56bfc062723c751e8b465ee728b)
Start importing Assets/Scripts/Weapon/WpnCannon.cs using Guid(649091182606f7841a64d4fe7f38dc69) Importer(815301076,1909f56bfc062723c751e8b465ee728b)  -> (artifact id: 'd701e308ae194d99d2edfe103046e282') in 0.002263 seconds
  Import took 0.005247 seconds .

========================================================================
Received Prepare
Registering precompiled user dll's ...
Registered in 0.000674 seconds.
Begin MonoManager ReloadAssembly
Native extension for WindowsStandalone target not found
Refreshing native plugins compatible for Editor in 0.26 ms, found 0 plugins.
Preloading 0 native plugins for Editor in 0.00 ms.
Invoked RoslynAnalysisRunner static constructor.
RoslynAnalysisRunner will not be running.
RoslynAnalysisRunner has terminated.
Mono: successfully reloaded assembly
- Completed reload, in  0.930 seconds
Platform modules already initialized, skipping
Refreshing native plugins compatible for Editor in 0.28 ms, found 0 plugins.
Preloading 0 native plugins for Editor in 0.00 ms.
Unloading 1151 Unused Serialized files (Serialized files now loaded: 0)
System memory in use before: 62.9 MB.
System memory in use after: 63.0 MB.

Unloading 5 unused Assets to reduce memory usage. Loaded Objects now: 1648.
Total: 2.310600 ms (FindLiveObjects: 0.198800 ms CreateObjectMapping: 0.039000 ms MarkObjects: 2.008000 ms  DeleteObjects: 0.063400 ms)

========================================================================
Received Import Request.
  Time since last request: 209.478404 seconds.
  path: Assets/Scripts/Weapon/WpnCannon.cs
  artifactKey: Guid(649091182606f7841a64d4fe7f38dc69) Importer(815301076,1909f56bfc062723c751e8b465ee728b)
Start importing Assets/Scripts/Weapon/WpnCannon.cs using Guid(649091182606f7841a64d4fe7f38dc69) Importer(815301076,1909f56bfc062723c751e8b465ee728b)  -> (artifact id: '77eff288d9e6e61c746e2c9049508695') in 0.004529 seconds
  Import took 0.007329 seconds .

========================================================================
Received Prepare
Registering precompiled user dll's ...
Registered in 0.000729 seconds.
Begin MonoManager ReloadAssembly
Native extension for WindowsStandalone target not found
Refreshing native plugins compatible for Editor in 0.27 ms, found 0 plugins.
Preloading 0 native plugins for Editor in 0.00 ms.
Invoked RoslynAnalysisRunner static constructor.
RoslynAnalysisRunner will not be running.
RoslynAnalysisRunner has terminated.
Mono: successfully reloaded assembly
- Completed reload, in  0.897 seconds
Platform modules already initialized, skipping
Refreshing native plugins compatible for Editor in 0.25 ms, found 0 plugins.
Preloading 0 native plugins for Editor in 0.00 ms.
Unloading 1151 Unused Serialized files (Serialized files now loaded: 0)
System memory in use before: 63.1 MB.
System memory in use after: 63.2 MB.

Unloading 5 unused Assets to reduce memory usage. Loaded Objects now: 1650.
Total: 2.351700 ms (FindLiveObjects: 0.200000 ms CreateObjectMapping: 0.041900 ms MarkObjects: 2.043600 ms  DeleteObjects: 0.064500 ms)

AssetImportWorkerClient::OnTransportError - code=2 error=End of file
